[ 2016-09-17T13:41:12+08:00 ] 127.0.0.1 /shop/index.php/Admin/Login/login
INFO: [ app_init ] --START--
INFO: Run Behavior\BuildLiteBehavior [ RunTime:0.000063s ]
INFO: [ app_init ] --END-- [ RunTime:0.029837s ]
INFO: [ app_begin ] --START--
INFO: Run Behavior\ReadHtmlCacheBehavior [ RunTime:0.035726s ]
INFO: [ app_begin ] --END-- [ RunTime:0.035929s ]
INFO: [ view_parse ] --START--
INFO: [ template_filter ] --START--
INFO: Run Behavior\ContentReplaceBehavior [ RunTime:0.017195s ]
INFO: [ template_filter ] --END-- [ RunTime:0.017414s ]
NOTIC: [8] Undefined variable: username E:\phpWebs\shop\Application\Runtime\Cache\Admin\0dfec61edd66f450033aa87c28a760f4.php 第 35 行.
INFO: Run Behavior\ParseTemplateBehavior [ RunTime:0.114357s ]
INFO: [ view_parse ] --END-- [ RunTime:0.114554s ]
INFO: [ view_filter ] --START--
INFO: Run Behavior\WriteHtmlCacheBehavior [ RunTime:0.014271s ]
INFO: [ view_filter ] --END-- [ RunTime:0.014419s ]
INFO: [ app_end ] --START--
INFO: Run Behavior\ShowPageTraceBehavior [ RunTime:0.004024s ]
INFO: [ app_end ] --END-- [ RunTime:0.004224s ]

[ 2016-09-17T13:41:13+08:00 ] 127.0.0.1 /shop/index.php/Admin/Login/captcha
INFO: [ app_init ] --START--
INFO: Run Behavior\BuildLiteBehavior [ RunTime:0.000041s ]
INFO: [ app_init ] --END-- [ RunTime:0.001981s ]
INFO: [ app_begin ] --START--
INFO: Run Behavior\ReadHtmlCacheBehavior [ RunTime:0.006062s ]
INFO: [ app_begin ] --END-- [ RunTime:0.006402s ]
INFO: [ app_end ] --START--
INFO: Run Behavior\ShowPageTraceBehavior [ RunTime:0.005557s ]
INFO: [ app_end ] --END-- [ RunTime:0.005750s ]

[ 2016-09-17T13:41:20+08:00 ] 127.0.0.1 /shop/index.php/Admin/Login/captcha
INFO: [ app_init ] --START--
INFO: Run Behavior\BuildLiteBehavior [ RunTime:0.000043s ]
INFO: [ app_init ] --END-- [ RunTime:0.002046s ]
INFO: [ app_begin ] --START--
INFO: Run Behavior\ReadHtmlCacheBehavior [ RunTime:0.004939s ]
INFO: [ app_begin ] --END-- [ RunTime:0.005098s ]
INFO: [ app_end ] --START--
INFO: Run Behavior\ShowPageTraceBehavior [ RunTime:0.006367s ]
INFO: [ app_end ] --END-- [ RunTime:0.006573s ]

[ 2016-09-17T13:41:33+08:00 ] 127.0.0.1 /shop/index.php/Admin/Login/checkIn
INFO: [ app_init ] --START--
INFO: Run Behavior\BuildLiteBehavior [ RunTime:0.000039s ]
INFO: [ app_init ] --END-- [ RunTime:0.001425s ]
INFO: [ app_begin ] --START--
INFO: Run Behavior\ReadHtmlCacheBehavior [ RunTime:0.002193s ]
INFO: [ app_begin ] --END-- [ RunTime:0.002400s ]
SQL: SHOW COLUMNS FROM `ecs_admin` [ RunTime:0.1943s ]
SQL: SELECT * FROM `ecs_admin` WHERE ( username='admin' and password='21232f297a57a5a743894a0e4a801fc3' ) LIMIT 1   [ RunTime:0.0007s ]
INFO: [ app_end ] --START--
INFO: Run Behavior\ShowPageTraceBehavior [ RunTime:0.002349s ]
INFO: [ app_end ] --END-- [ RunTime:0.002492s ]

[ 2016-09-17T20:17:05+08:00 ] 127.0.0.1 /shop/index.php/Admin/Login/login
INFO: [ app_init ] --START--
INFO: Run Behavior\BuildLiteBehavior [ RunTime:0.000063s ]
INFO: [ app_init ] --END-- [ RunTime:0.003222s ]
INFO: [ app_begin ] --START--
INFO: Run Behavior\ReadHtmlCacheBehavior [ RunTime:0.005669s ]
INFO: [ app_begin ] --END-- [ RunTime:0.005931s ]
INFO: [ view_parse ] --START--
INFO: [ template_filter ] --START--
INFO: Run Behavior\ContentReplaceBehavior [ RunTime:0.000189s ]
INFO: [ template_filter ] --END-- [ RunTime:0.000413s ]
NOTIC: [8] Undefined variable: username E:\phpWebs\shop\Application\Runtime\Cache\Admin\0dfec61edd66f450033aa87c28a760f4.php 第 35 行.
INFO: Run Behavior\ParseTemplateBehavior [ RunTime:0.047221s ]
INFO: [ view_parse ] --END-- [ RunTime:0.047375s ]
INFO: [ view_filter ] --START--
INFO: Run Behavior\WriteHtmlCacheBehavior [ RunTime:0.009304s ]
INFO: [ view_filter ] --END-- [ RunTime:0.009471s ]
INFO: [ app_end ] --START--
INFO: Run Behavior\ShowPageTraceBehavior [ RunTime:0.004028s ]
INFO: [ app_end ] --END-- [ RunTime:0.004176s ]

[ 2016-09-17T20:17:05+08:00 ] 127.0.0.1 /shop/index.php/Admin/Login/captcha
INFO: [ app_init ] --START--
INFO: Run Behavior\BuildLiteBehavior [ RunTime:0.000043s ]
INFO: [ app_init ] --END-- [ RunTime:0.001486s ]
INFO: [ app_begin ] --START--
INFO: Run Behavior\ReadHtmlCacheBehavior [ RunTime:0.003343s ]
INFO: [ app_begin ] --END-- [ RunTime:0.003603s ]

[ 2016-09-17T20:17:12+08:00 ] 127.0.0.1 /shop/index.php/Admin/Login/captcha
INFO: [ app_init ] --START--
INFO: Run Behavior\BuildLiteBehavior [ RunTime:0.000058s ]
INFO: [ app_init ] --END-- [ RunTime:0.002815s ]
INFO: [ app_begin ] --START--
INFO: Run Behavior\ReadHtmlCacheBehavior [ RunTime:0.006440s ]
INFO: [ app_begin ] --END-- [ RunTime:0.006649s ]

[ 2016-09-17T20:21:36+08:00 ] 127.0.0.1 /shop/index.php/Admin/Login/login
INFO: [ app_init ] --START--
INFO: Run Behavior\BuildLiteBehavior [ RunTime:0.000050s ]
INFO: [ app_init ] --END-- [ RunTime:0.002021s ]
INFO: [ app_begin ] --START--
INFO: Run Behavior\ReadHtmlCacheBehavior [ RunTime:0.005771s ]
INFO: [ app_begin ] --END-- [ RunTime:0.005985s ]
INFO: [ view_parse ] --START--
INFO: [ template_filter ] --START--
INFO: Run Behavior\ContentReplaceBehavior [ RunTime:0.000184s ]
INFO: [ template_filter ] --END-- [ RunTime:0.000425s ]
NOTIC: [8] Undefined variable: username E:\phpWebs\shop\Application\Runtime\Cache\Admin\0dfec61edd66f450033aa87c28a760f4.php 第 35 行.
INFO: Run Behavior\ParseTemplateBehavior [ RunTime:0.049843s ]
INFO: [ view_parse ] --END-- [ RunTime:0.050013s ]
INFO: [ view_filter ] --START--
INFO: Run Behavior\WriteHtmlCacheBehavior [ RunTime:0.005882s ]
INFO: [ view_filter ] --END-- [ RunTime:0.006064s ]
INFO: [ app_end ] --START--
INFO: Run Behavior\ShowPageTraceBehavior [ RunTime:0.006133s ]
INFO: [ app_end ] --END-- [ RunTime:0.006303s ]

[ 2016-09-17T20:21:37+08:00 ] 127.0.0.1 /shop/index.php/Admin/Login/captcha
INFO: [ app_init ] --START--
INFO: Run Behavior\BuildLiteBehavior [ RunTime:0.000056s ]
INFO: [ app_init ] --END-- [ RunTime:0.002382s ]
INFO: [ app_begin ] --START--
INFO: Run Behavior\ReadHtmlCacheBehavior [ RunTime:0.004954s ]
INFO: [ app_begin ] --END-- [ RunTime:0.005129s ]
INFO: [ app_end ] --START--
INFO: Run Behavior\ShowPageTraceBehavior [ RunTime:0.005387s ]
INFO: [ app_end ] --END-- [ RunTime:0.005577s ]

