[ 2016-09-23T15:16:30+08:00 ] 127.0.0.1 /shop/index.php/Admin/Login/login
INFO: [ app_init ] --START--
INFO: Run Behavior\BuildLiteBehavior [ RunTime:0.000045s ]
INFO: [ app_init ] --END-- [ RunTime:0.002871s ]
INFO: [ app_begin ] --START--
INFO: Run Behavior\ReadHtmlCacheBehavior [ RunTime:0.006582s ]
INFO: [ app_begin ] --END-- [ RunTime:0.007004s ]
INFO: [ view_parse ] --START--
INFO: [ template_filter ] --START--
INFO: Run Behavior\ContentReplaceBehavior [ RunTime:0.000150s ]
INFO: [ template_filter ] --END-- [ RunTime:0.000345s ]
NOTIC: [8] Undefined variable: username E:\phpWebs\shop\Application\Runtime\Cache\Admin\0dfec61edd66f450033aa87c28a760f4.php 第 35 行.
INFO: Run Behavior\ParseTemplateBehavior [ RunTime:0.084625s ]
INFO: [ view_parse ] --END-- [ RunTime:0.084796s ]
INFO: [ view_filter ] --START--
INFO: Run Behavior\WriteHtmlCacheBehavior [ RunTime:0.005923s ]
INFO: [ view_filter ] --END-- [ RunTime:0.006071s ]
INFO: [ app_end ] --START--
INFO: Run Behavior\ShowPageTraceBehavior [ RunTime:0.005875s ]
INFO: [ app_end ] --END-- [ RunTime:0.006072s ]

[ 2016-09-23T15:16:30+08:00 ] 127.0.0.1 /shop/index.php/Admin/Login/captcha
INFO: [ app_init ] --START--
INFO: Run Behavior\BuildLiteBehavior [ RunTime:0.000044s ]
INFO: [ app_init ] --END-- [ RunTime:0.002179s ]
INFO: [ app_begin ] --START--
INFO: Run Behavior\ReadHtmlCacheBehavior [ RunTime:0.009529s ]
INFO: [ app_begin ] --END-- [ RunTime:0.009886s ]
INFO: [ app_end ] --START--
INFO: Run Behavior\ShowPageTraceBehavior [ RunTime:0.006001s ]
INFO: [ app_end ] --END-- [ RunTime:0.006252s ]

